<?xml  version="1.0" encoding="UTF-8"?>
<beans xmlns="http://www.springframework.org/schema/beans"
	xmlns:security="http://www.springframework.org/schema/security"
	xmlns:xsi="http://www.w3.org/2001/XMLSchema-instance"
	xmlns:aop="http://www.springframework.org/schema/aop"
	xmlns:context="http://www.springframework.org/schema/context"
	xmlns:jee="http://www.springframework.org/schema/jee"
	xmlns:lang="http://www.springframework.org/schema/lang"
	xmlns:p="http://www.springframework.org/schema/p"
	xmlns:tx="http://www.springframework.org/schema/tx"
	xmlns:util="http://www.springframework.org/schema/util"
	xmlns:cache="http://www.springframework.org/schema/cache"
	xmlns:mvc="http://www.springframework.org/schema/mvc"
	xmlns:dwr="http://www.directwebremoting.org/schema/spring-dwr"
	xsi:schemaLocation="
		http://www.springframework.org/schema/mvc
		http://www.springframework.org/schema/mvc/spring-mvc-3.0.xsd
		http://www.springframework.org/schema/beans
		http://www.springframework.org/schema/beans/spring-beans-3.0.xsd
		http://www.springframework.org/schema/aop
		http://www.springframework.org/schema/aop/spring-aop.xsd
		http://www.springframework.org/schema/context
		http://www.springframework.org/schema/context/spring-context-3.0.xsd
		http://www.springframework.org/schema/jee
		http://www.springframework.org/schema/jee/spring-jee.xsd
		http://www.springframework.org/schema/lang
		http://www.springframework.org/schema/lang/spring-lang.xsd
		http://www.springframework.org/schema/tx
		http://www.springframework.org/schema/tx/spring-tx.xsd
		http://www.springframework.org/schema/util
		http://www.springframework.org/schema/util/spring-util.xsd
		http://www.springframework.org/schema/security
        http://www.springframework.org/schema/security/spring-security-3.0.3.xsd
		http://www.springframework.org/schema/cache
		http://www.springframework.org/schema/cache/spring-cache.xsd
		http://www.directwebremoting.org/schema/spring-dwr http://www.directwebremoting.org/schema/spring-dwr-3.0.xsd">

	
	
	<!-- EH CACHE CONFIG -->
	<cache:annotation-driven />
	<bean id="cacheManager" class="org.springframework.cache.ehcache.EhCacheCacheManager"
		p:cache-manager-ref="ehcache" />

	<!-- Ehcache library setup -->
	<bean id="ehcache"
		class="org.springframework.cache.ehcache.EhCacheManagerFactoryBean"
		p:shared="true" p:config-location="classpath:config/ota-ehcache.xml" />

	<!-- MVC CONFIG -->
	<mvc:annotation-driven />
	<import resource="classpath:config/ota-common.xml" />
	<import resource="test-ota-database.xml" />
	<context:annotation-config />
	<context:component-scan base-package="com.thomascook.ota.packages.controller, com.thomascook.ota.utils, com.thomascook.ota.packages.dao.impl,
	com.thomascook.ota.packages.services.impl, com.thomascook.ota.packages.domain, com.thomascook.ota, com.thomascook.util, com.thomascook.retail.hotels"/>

	<!-- Handles HTTP GET requests for /resources/** by efficiently serving up static resources in the ${webappRoot}/resources/ directory -->
	<!--  <mvc:resources mapping="/media/**" location="/resources/" /> -->

	<!-- Saves a locale change using a cookie -->
	<bean id="localeResolver" class="org.springframework.web.servlet.i18n.CookieLocaleResolver" />

	<!-- Application Message Bundle -->
	<bean id="messageSource" class="org.springframework.context.support.ReloadableResourceBundleMessageSource">
		<property name="basename" value="/WEB-INF/messages/messages" />
		<property name="cacheSeconds" value="0" />
	</bean>

	<!-- Resolves view names to protected .jsp resources within the /WEB-INF/jsp directory -->
	<bean class="org.springframework.web.servlet.view.InternalResourceViewResolver">
		<property name="prefix" value="/WEB-INF/jsp/"/>
		<property name="suffix" value=".jsp"/>
	</bean>
	
	<bean id="propertyConfigurer"
		class="org.springframework.beans.factory.config.PropertyPlaceholderConfigurer" >
		<property name="locations">
			<list>
	           <value>classpath:/config/jdbc.properties</value>
	           <value>classpath:/config/PostCodeCommandGatewayProperties.properties</value>
	           <value>classpath:/config/CustomerAddressLookupService.properties</value>
       		</list>
		</property>
	<!-- p:location="classpath:/WEB-INF/*.properties" />  -->	
	</bean>
	<tx:annotation-driven />

	<bean id="repositoryDao" class="com.thomascook.ota.dao.impl.RepositoryDaoImpl" >
		<property name="hibernateUtil" ref="hibernateUtil"></property>
	</bean>
	
	<bean id="hibernateUtil" class="com.thomascook.util.HibernateUtil" scope="singleton"/>
	
	<bean id="searchRequestService" class="com.thomascook.ota.search.util.PopulateHolidaySearchRequestService" />
	
	<bean id="termsAndConditionsService" class="com.thomascook.ota.service.impl.TermsAndConditionsServiceImpl" />
	
	<bean id="otaConnector" class="com.thomascook.ota.common.service.connectors.impl.OTAConnector" />
	
	<bean id="searchResponse" class="com.thomascook.ota.search.SearchResponse" />
	
	<bean id="searchRequest" class="com.thomascook.ota.search.SearchRequest" />
	
	<!-- <bean id="customerAddressLookUpService" class="com.thomascook.ota.service.impl.CustomerAddressLookupService" />  -->
	<bean id="post_code_lookup_gateway" class="com.thomascook.ota.service.impl.PostCodeCommandGateway" />
	
	<bean id="terms_and_conditions" class="com.thomascook.ota.dao.impl.TermsAndConditionsDAOImpl" />
		
</beans>